<?xml version="1.0" encoding="UTF-8"?>
<testsuites name="Mocha Tests" time="16.799" tests="1" failures="0">
  <testsuite name="Root Suite" timestamp="2024-03-27T19:55:20" tests="0" file="cypress/e2e/tests/TwitchUserTests.cy.js" time="0.000" failures="0">
  </testsuite>
  <testsuite name="Twitch Screen Tests" timestamp="2024-03-27T19:55:20" tests="1" time="16.774" failures="0">
    <testcase name="Twitch Screen Tests [Desktop] Verify page structure" time="12.575" classname="[Desktop] Verify page structure">
    </testcase>
  </testsuite>
</testsuites>